-------------------------------------------------------------------------------
Test set: com.system.controller.EmployeeControllerTest
-------------------------------------------------------------------------------
Tests run: 5, Failures: 1, Errors: 0, Skipped: 0, Time elapsed: 12.965 s <<< FAILURE! - in com.system.controller.EmployeeControllerTest
updateEmployee  Time elapsed: 0.075 s  <<< FAILURE!
java.lang.AssertionError: No value at JSON path "$.firtName"
	at com.system.controller.EmployeeControllerTest.updateEmployee(EmployeeControllerTest.java:131)
Caused by: com.jayway.jsonpath.PathNotFoundException: No results for path: $['firtName']

