<?xml version="1.0" encoding="UTF-8"?>
<testsuite xmlns:xsi="http://www.w3.org/2001/XMLSchema-instance" xsi:noNamespaceSchemaLocation="https://maven.apache.org/surefire/maven-surefire-plugin/xsd/surefire-test-report.xsd" version="3.0.2" name="com.gonzalandero.gateway.GatewayApplicationTests" time="9.71" tests="1" errors="0" skipped="0" failures="0">
  <properties>
[...]
</properties>
  <testcase name="contextLoads" classname="com.gonzalandero.gateway.GatewayApplicationTests" time="1.08">
    <system-out><![CDATA[13:55:30.989 [main] INFO org.springframework.test.context.support.AnnotationConfigContextLoaderUtils -- Could not detect default configuration classes for test class [com.gonzalandero.gateway.GatewayApplicationTests]: GatewayApplicationTests does not declare any static, non-private, non-final, nested classes annotated with @Configuration.
13:55:31.155 [main] INFO org.springframework.boot.test.context.SpringBootTestContextBootstrapper -- Found @SpringBootConfiguration com.gonzalandero.gateway.GatewayApplication for test class com.gonzalandero.gateway.GatewayApplicationTests

  .   ____          _            __ _ _
 /\\ / ___'_ __ _ _(_)_ __  __ _ \ \ \ \
( ( )\___ | '_ | '_| | '_ \/ _` | \ \ \ \
 \\/  ___)| |_)| | | | | || (_| |  ) ) ) )
  '  |____| .__|_| |_|_| |_\__, | / / / /
 =========|_|==============|___/=/_/_/_/

 :: Spring Boot ::               (v3.5.10)

2026-03-06T13:55:32.361-06:00  INFO 17524 --- [gateway] [           main] c.g.gateway.GatewayApplicationTests      : Starting GatewayApplicationTests using Java 21.0.9 with PID 17524 (started by OWNER in C:\Users\OWNER\Desktop\microservice-project\gateway)
2026-03-06T13:55:32.365-06:00  INFO 17524 --- [gateway] [           main] c.g.gateway.GatewayApplicationTests      : No active profile set, falling back to 1 default profile: "eureka-on"
2026-03-06T13:55:35.245-06:00  INFO 17524 --- [gateway] [           main] o.s.cloud.context.scope.GenericScope     : BeanFactory id=96cc7ad5-65b0-3678-a2f6-540484397d6f
2026-03-06T13:55:36.474-06:00  WARN 17524 --- [gateway] [           main] GatewayClassPathWarningAutoConfiguration : 

**********************************************************

The artifact spring-cloud-gateway-server is deprecated. It will be removed in the next major release. Please add spring-cloud-gateway-server-webflux dependency.

**********************************************************


2026-03-06T13:55:37.363-06:00  INFO 17524 --- [gateway] [           main] o.s.c.g.r.RouteDefinitionRouteLocator    : Loaded RoutePredicateFactory [After]
2026-03-06T13:55:37.364-06:00  INFO 17524 --- [gateway] [           main] o.s.c.g.r.RouteDefinitionRouteLocator    : Loaded RoutePredicateFactory [Before]
2026-03-06T13:55:37.364-06:00  INFO 17524 --- [gateway] [           main] o.s.c.g.r.RouteDefinitionRouteLocator    : Loaded RoutePredicateFactory [Between]
2026-03-06T13:55:37.364-06:00  INFO 17524 --- [gateway] [           main] o.s.c.g.r.RouteDefinitionRouteLocator    : Loaded RoutePredicateFactory [Cookie]
2026-03-06T13:55:37.364-06:00  INFO 17524 --- [gateway] [           main] o.s.c.g.r.RouteDefinitionRouteLocator    : Loaded RoutePredicateFactory [Header]
2026-03-06T13:55:37.365-06:00  INFO 17524 --- [gateway] [           main] o.s.c.g.r.RouteDefinitionRouteLocator    : Loaded RoutePredicateFactory [Host]
2026-03-06T13:55:37.365-06:00  INFO 17524 --- [gateway] [           main] o.s.c.g.r.RouteDefinitionRouteLocator    : Loaded RoutePredicateFactory [Method]
2026-03-06T13:55:37.365-06:00  INFO 17524 --- [gateway] [           main] o.s.c.g.r.RouteDefinitionRouteLocator    : Loaded RoutePredicateFactory [Path]
2026-03-06T13:55:37.365-06:00  INFO 17524 --- [gateway] [           main] o.s.c.g.r.RouteDefinitionRouteLocator    : Loaded RoutePredicateFactory [Query]
2026-03-06T13:55:37.366-06:00  INFO 17524 --- [gateway] [           main] o.s.c.g.r.RouteDefinitionRouteLocator    : Loaded RoutePredicateFactory [ReadBody]
2026-03-06T13:55:37.366-06:00  INFO 17524 --- [gateway] [           main] o.s.c.g.r.RouteDefinitionRouteLocator    : Loaded RoutePredicateFactory [RemoteAddr]
2026-03-06T13:55:37.366-06:00  INFO 17524 --- [gateway] [           main] o.s.c.g.r.RouteDefinitionRouteLocator    : Loaded RoutePredicateFactory [XForwardedRemoteAddr]
2026-03-06T13:55:37.366-06:00  INFO 17524 --- [gateway] [           main] o.s.c.g.r.RouteDefinitionRouteLocator    : Loaded RoutePredicateFactory [Weight]
2026-03-06T13:55:37.366-06:00  INFO 17524 --- [gateway] [           main] o.s.c.g.r.RouteDefinitionRouteLocator    : Loaded RoutePredicateFactory [CloudFoundryRouteService]
2026-03-06T13:55:38.098-06:00  INFO 17524 --- [gateway] [           main] DiscoveryClientOptionalArgsConfiguration : Eureka HTTP Client uses RestTemplate.
2026-03-06T13:55:38.167-06:00  WARN 17524 --- [gateway] [           main] s.w.s.StarterDeprecatedAutoConfiguration : 

**********************************************************

spring-cloud-starter-gateway is deprecated. It will be removed in the next major release. Please use spring-cloud-starter-gateway-server-webflux instead.

**********************************************************


2026-03-06T13:55:38.196-06:00  WARN 17524 --- [gateway] [           main] iguration$LoadBalancerCaffeineWarnLogger : Spring Cloud LoadBalancer is currently working with the default cache. While this cache implementation is useful for development and tests, it's recommended to use Caffeine cache in production.You can switch to using Caffeine cache, by adding it and org.springframework.cache.caffeine.CaffeineCacheManager to the classpath.
2026-03-06T13:55:38.273-06:00  INFO 17524 --- [gateway] [           main] o.s.c.n.eureka.InstanceInfoFactory       : Setting initial instance status as: STARTING
2026-03-06T13:55:38.340-06:00  INFO 17524 --- [gateway] [           main] com.netflix.discovery.DiscoveryClient    : Initializing Eureka in region us-east-1
2026-03-06T13:55:38.352-06:00  INFO 17524 --- [gateway] [           main] c.n.d.s.r.aws.ConfigClusterResolver      : Resolving eureka endpoints via configuration
2026-03-06T13:55:38.373-06:00  INFO 17524 --- [gateway] [           main] com.netflix.discovery.DiscoveryClient    : Disable delta property : false
2026-03-06T13:55:38.374-06:00  INFO 17524 --- [gateway] [           main] com.netflix.discovery.DiscoveryClient    : Single vip registry refresh property : null
2026-03-06T13:55:38.374-06:00  INFO 17524 --- [gateway] [           main] com.netflix.discovery.DiscoveryClient    : Force full registry fetch : false
2026-03-06T13:55:38.374-06:00  INFO 17524 --- [gateway] [           main] com.netflix.discovery.DiscoveryClient    : Application is null : false
2026-03-06T13:55:38.375-06:00  INFO 17524 --- [gateway] [           main] com.netflix.discovery.DiscoveryClient    : Registered Applications size is zero : true
2026-03-06T13:55:38.375-06:00  INFO 17524 --- [gateway] [           main] com.netflix.discovery.DiscoveryClient    : Application version is -1: true
2026-03-06T13:55:38.375-06:00  INFO 17524 --- [gateway] [           main] com.netflix.discovery.DiscoveryClient    : Getting all instance registry info from the eureka server
2026-03-06T13:55:39.241-06:00  INFO 17524 --- [gateway] [           main] com.netflix.discovery.DiscoveryClient    : The response status is 200
2026-03-06T13:55:39.243-06:00  INFO 17524 --- [gateway] [           main] com.netflix.discovery.DiscoveryClient    : Starting heartbeat executor: renew interval is: 30
2026-03-06T13:55:39.248-06:00  INFO 17524 --- [gateway] [           main] c.n.discovery.InstanceInfoReplicator     : InstanceInfoReplicator onDemand update allowed rate per min is 4
2026-03-06T13:55:39.252-06:00  INFO 17524 --- [gateway] [           main] com.netflix.discovery.DiscoveryClient    : Discovery Client initialized at timestamp 1772826939250 with initial instances count: 0
2026-03-06T13:55:39.258-06:00  INFO 17524 --- [gateway] [           main] o.s.c.n.e.s.EurekaServiceRegistry        : Registering application GATEWAY with eureka with status UP
2026-03-06T13:55:39.260-06:00  INFO 17524 --- [gateway] [           main] com.netflix.discovery.DiscoveryClient    : Saw local status change event StatusChangeEvent [timestamp=1772826939260, current=UP, previous=STARTING]
2026-03-06T13:55:39.264-06:00  INFO 17524 --- [gateway] [foReplicator-%d] com.netflix.discovery.DiscoveryClient    : DiscoveryClient_GATEWAY/DESKTOP-1D84HCV:gateway:4040: registering service...
2026-03-06T13:55:39.363-06:00  INFO 17524 --- [gateway] [           main] c.g.gateway.GatewayApplicationTests      : Started GatewayApplicationTests in 7.638 seconds (process running for 9.719)
2026-03-06T13:55:39.501-06:00  INFO 17524 --- [gateway] [foReplicator-%d] com.netflix.discovery.DiscoveryClient    : DiscoveryClient_GATEWAY/DESKTOP-1D84HCV:gateway:4040 - registration status: 204
]]></system-out>
    <system-err><![CDATA[Mockito is currently self-attaching to enable the inline-mock-maker. This will no longer work in future releases of the JDK. Please add Mockito as an agent to your build as described in Mockito's documentation: https://javadoc.io/doc/org.mockito/mockito-core/latest/org.mockito/org/mockito/Mockito.html#0.3
WARNING: A Java agent has been loaded dynamically (C:\Users\OWNER\.m2\repository\net\bytebuddy\byte-buddy-agent\1.17.8\byte-buddy-agent-1.17.8.jar)
WARNING: If a serviceability tool is in use, please run with -XX:+EnableDynamicAgentLoading to hide this warning
WARNING: If a serviceability tool is not in use, please run with -Djdk.instrument.traceUsage for more information
WARNING: Dynamic loading of agents will be disallowed by default in a future release
]]></system-err>
  </testcase>
</testsuite>